<?xml version="1.0" encoding="UTF-8" ?>
<testsuite tests="37" failures="0" name="net.floodlightcontroller.devicemanager.internal.DeviceManagerImplTest" time="0.436" errors="0" skipped="2">
  <properties>
    <property name="java.runtime.name" value="OpenJDK Runtime Environment"/>
    <property name="sun.boot.library.path" value="/usr/lib/jvm/java-8-openjdk-amd64/jre/lib/amd64"/>
    <property name="java.vm.version" value="25.312-b07"/>
    <property name="java.vm.vendor" value="Private Build"/>
    <property name="maven.multiModuleProjectDirectory" value="/home/cuong/floodlight"/>
    <property name="java.vendor.url" value="http://java.oracle.com/"/>
    <property name="path.separator" value=":"/>
    <property name="guice.disable.misplaced.annotation.check" value="true"/>
    <property name="java.vm.name" value="OpenJDK 64-Bit Server VM"/>
    <property name="file.encoding.pkg" value="sun.io"/>
    <property name="user.country" value="US"/>
    <property name="sun.java.launcher" value="SUN_STANDARD"/>
    <property name="sun.os.patch.level" value="unknown"/>
    <property name="java.vm.specification.name" value="Java Virtual Machine Specification"/>
    <property name="user.dir" value="/home/cuong/floodlight"/>
    <property name="java.runtime.version" value="1.8.0_312-8u312-b07-0ubuntu1~20.04-b07"/>
    <property name="java.awt.graphicsenv" value="sun.awt.X11GraphicsEnvironment"/>
    <property name="java.endorsed.dirs" value="/usr/lib/jvm/java-8-openjdk-amd64/jre/lib/endorsed"/>
    <property name="os.arch" value="amd64"/>
    <property name="java.io.tmpdir" value="/tmp"/>
    <property name="line.separator" value="
"/>
    <property name="java.vm.specification.vendor" value="Oracle Corporation"/>
    <property name="os.name" value="Linux"/>
    <property name="classworlds.conf" value="/usr/share/maven/bin/m2.conf"/>
    <property name="sun.jnu.encoding" value="UTF-8"/>
    <property name="java.library.path" value="/usr/java/packages/lib/amd64:/usr/lib/x86_64-linux-gnu/jni:/lib/x86_64-linux-gnu:/usr/lib/x86_64-linux-gnu:/usr/lib/jni:/lib:/usr/lib"/>
    <property name="maven.conf" value="/usr/share/maven/conf"/>
    <property name="java.specification.name" value="Java Platform API Specification"/>
    <property name="java.class.version" value="52.0"/>
    <property name="sun.management.compiler" value="HotSpot 64-Bit Tiered Compilers"/>
    <property name="os.version" value="5.13.0-39-generic"/>
    <property name="library.jansi.path" value="/usr/share/maven/lib/jansi-native"/>
    <property name="user.home" value="/home/cuong"/>
    <property name="user.timezone" value="Asia/Ho_Chi_Minh"/>
    <property name="java.awt.printerjob" value="sun.print.PSPrinterJob"/>
    <property name="java.specification.version" value="1.8"/>
    <property name="file.encoding" value="UTF-8"/>
    <property name="user.name" value="cuong"/>
    <property name="java.class.path" value="/usr/share/maven/boot/plexus-classworlds-2.x.jar"/>
    <property name="java.vm.specification.version" value="1.8"/>
    <property name="sun.arch.data.model" value="64"/>
    <property name="java.home" value="/usr/lib/jvm/java-8-openjdk-amd64/jre"/>
    <property name="sun.java.command" value="org.codehaus.plexus.classworlds.launcher.Launcher package"/>
    <property name="java.specification.vendor" value="Oracle Corporation"/>
    <property name="user.language" value="en"/>
    <property name="awt.toolkit" value="sun.awt.X11.XToolkit"/>
    <property name="java.vm.info" value="mixed mode"/>
    <property name="java.version" value="1.8.0_312"/>
    <property name="java.ext.dirs" value="/usr/lib/jvm/java-8-openjdk-amd64/jre/lib/ext:/usr/java/packages/lib/ext"/>
    <property name="securerandom.source" value="file:/dev/./urandom"/>
    <property name="sun.boot.class.path" value="/usr/lib/jvm/java-8-openjdk-amd64/jre/lib/resources.jar:/usr/lib/jvm/java-8-openjdk-amd64/jre/lib/rt.jar:/usr/lib/jvm/java-8-openjdk-amd64/jre/lib/sunrsasign.jar:/usr/lib/jvm/java-8-openjdk-amd64/jre/lib/jsse.jar:/usr/lib/jvm/java-8-openjdk-amd64/jre/lib/jce.jar:/usr/lib/jvm/java-8-openjdk-amd64/jre/lib/charsets.jar:/usr/lib/jvm/java-8-openjdk-amd64/jre/lib/jfr.jar:/usr/lib/jvm/java-8-openjdk-amd64/jre/classes"/>
    <property name="java.vendor" value="Private Build"/>
    <property name="maven.home" value="/usr/share/maven"/>
    <property name="file.separator" value="/"/>
    <property name="java.vendor.url.bug" value="http://bugreport.sun.com/bugreport/"/>
    <property name="sun.cpu.endian" value="little"/>
    <property name="sun.io.unicode.encoding" value="UnicodeLittle"/>
    <property name="sun.desktop" value="gnome"/>
    <property name="sun.cpu.isalist" value=""/>
  </properties>
  <testcase classname="net.floodlightcontroller.devicemanager.internal.DeviceManagerImplTest" name="testAttachmentPointFlappingTwoCluster" time="0.012"/>
  <testcase classname="net.floodlightcontroller.devicemanager.internal.DeviceManagerImplTest" name="testPacketInInvalidDstMac" time="0.003"/>
  <testcase classname="net.floodlightcontroller.devicemanager.internal.DeviceManagerImplTest" name="testGetIPv6Addresses" time="0.01"/>
  <testcase classname="net.floodlightcontroller.devicemanager.internal.DeviceManagerImplTest" name="testDeviceSyncRepresentationFromDevice" time="0.004"/>
  <testcase classname="net.floodlightcontroller.devicemanager.internal.DeviceManagerImplTest" name="testPacketInInvalidSrcMac" time="0.002"/>
  <testcase classname="net.floodlightcontroller.devicemanager.internal.DeviceManagerImplTest" name="testGetIPv4Addresses" time="0.005"/>
  <testcase classname="net.floodlightcontroller.devicemanager.internal.DeviceManagerImplTest" name="testEntityOrderingExternal" time="0.002"/>
  <testcase classname="net.floodlightcontroller.devicemanager.internal.DeviceManagerImplTest" name="testEntityLearningIPv6" time="0.006"/>
  <testcase classname="net.floodlightcontroller.devicemanager.internal.DeviceManagerImplTest" name="testEntityExpiration" time="0.004"/>
  <testcase classname="net.floodlightcontroller.devicemanager.internal.DeviceManagerImplTest" name="testNoLearningOnInternalPorts" time="0.003"/>
  <testcase classname="net.floodlightcontroller.devicemanager.internal.DeviceManagerImplTest" name="testConsolitateStore" time="0.079"/>
  <testcase classname="net.floodlightcontroller.devicemanager.internal.DeviceManagerImplTest" name="testAttachmentPointLearning" time="0.003"/>
  <testcase classname="net.floodlightcontroller.devicemanager.internal.DeviceManagerImplTest" name="testToMaster" time="0.136"/>
  <testcase classname="net.floodlightcontroller.devicemanager.internal.DeviceManagerImplTest" name="testAttachmentPointFlapping" time="0.005"/>
  <testcase classname="net.floodlightcontroller.devicemanager.internal.DeviceManagerImplTest" name="testWriteToSyncStore" time="0.063"/>
  <testcase classname="net.floodlightcontroller.devicemanager.internal.DeviceManagerImplTest" name="testDeviceExpirationConcurrentRemove" time="0.005"/>
  <testcase classname="net.floodlightcontroller.devicemanager.internal.DeviceManagerImplTest" name="testFindDevice" time="0.004"/>
  <testcase classname="net.floodlightcontroller.devicemanager.internal.DeviceManagerImplTest" name="testBDAttachmentPointLearning" time="0.004"/>
  <testcase classname="net.floodlightcontroller.devicemanager.internal.DeviceManagerImplTest" name="testPacketInBasic" time="0.004">
    <skipped/>
  </testcase>
  <testcase classname="net.floodlightcontroller.devicemanager.internal.DeviceManagerImplTest" name="testLastSeen" time="0.004"/>
  <testcase classname="net.floodlightcontroller.devicemanager.internal.DeviceManagerImplTest" name="testReclassifyDevice" time="0.012"/>
  <testcase classname="net.floodlightcontroller.devicemanager.internal.DeviceManagerImplTest" name="testAttachmentPointSuppression" time="0.005"/>
  <testcase classname="net.floodlightcontroller.devicemanager.internal.DeviceManagerImplTest" name="testGetSwitchPortVlanId" time="0.002"/>
  <testcase classname="net.floodlightcontroller.devicemanager.internal.DeviceManagerImplTest" name="testDeviceExpirationConcurrentModification" time="0.004"/>
  <testcase classname="net.floodlightcontroller.devicemanager.internal.DeviceManagerImplTest" name="testEntityLearning" time="0.005"/>
  <testcase classname="net.floodlightcontroller.devicemanager.internal.DeviceManagerImplTest" name="testEntityExpirationConcurrentModification" time="0.008"/>
  <testcase classname="net.floodlightcontroller.devicemanager.internal.DeviceManagerImplTest" name="testDeviceSyncRepresentationBasics" time="0.002"/>
  <testcase classname="net.floodlightcontroller.devicemanager.internal.DeviceManagerImplTest" name="testEntityOrderingInternal" time="0.002"/>
  <testcase classname="net.floodlightcontroller.devicemanager.internal.DeviceManagerImplTest" name="testSyncEntity" time="0.002"/>
  <testcase classname="net.floodlightcontroller.devicemanager.internal.DeviceManagerImplTest" name="testDeviceExpiration" time="0.005"/>
  <testcase classname="net.floodlightcontroller.devicemanager.internal.DeviceManagerImplTest" name="testDeviceLearningFromArpResponseData" time="0.004"/>
  <testcase classname="net.floodlightcontroller.devicemanager.internal.DeviceManagerImplTest" name="testDeviceClassIndex" time="0.006"/>
  <testcase classname="net.floodlightcontroller.devicemanager.internal.DeviceManagerImplTest" name="testDeviceClassQuery" time="0.004"/>
  <testcase classname="net.floodlightcontroller.devicemanager.internal.DeviceManagerImplTest" name="testLOCALAttachmentPointLearning" time="0.004"/>
  <testcase classname="net.floodlightcontroller.devicemanager.internal.DeviceManagerImplTest" name="testPacketInBasicIPv6" time="0.004">
    <skipped/>
  </testcase>
  <testcase classname="net.floodlightcontroller.devicemanager.internal.DeviceManagerImplTest" name="testDeviceIndex" time="0.005"/>
  <testcase classname="net.floodlightcontroller.devicemanager.internal.DeviceManagerImplTest" name="testDeviceQuery" time="0.004"/>
</testsuite>